TROOT::Append:0: RuntimeWarning: Replacing existing TH1: Corr_hist_background_i (Potential memory leak).
TROOT::Append:0: RuntimeWarning: Replacing existing TH1: Corr_hist_background_i (Potential memory leak).
TROOT::Append:0: RuntimeWarning: Replacing existing TH1: Corr_hist_background_i (Potential memory leak).
TROOT::Append:0: RuntimeWarning: Replacing existing TH1: Corr_hist_background_i (Potential memory leak).
TROOT::Append:0: RuntimeWarning: Replacing existing TH1: Corr_hist_background_i (Potential memory leak).
TROOT::Append:0: RuntimeWarning: Replacing existing TH1: Corr_hist_background_i (Potential memory leak).
TROOT::Append:0: RuntimeWarning: Replacing existing TH1: Corr_hist_background_i (Potential memory leak).
TROOT::Append:0: RuntimeWarning: Replacing existing TH1: Corr_hist_background_i (Potential memory leak).
TROOT::Append:0: RuntimeWarning: Replacing existing TH1: Corr_hist_background_i (Potential memory leak).
TROOT::Append:0: RuntimeWarning: Replacing existing TH1: Corr_hist_background_i (Potential memory leak).
TROOT::Append:0: RuntimeWarning: Replacing existing TH1: Corr_hist_background_i (Potential memory leak).
TROOT::Append:0: RuntimeWarning: Replacing existing TH1: Corr_hist_background_i (Potential memory leak).
TROOT::Append:0: RuntimeWarning: Replacing existing TH1: Corr_hist_background_i (Potential memory leak).
TROOT::Append:0: RuntimeWarning: Replacing existing TH1: Corr_hist_background_i (Potential memory leak).
TROOT::Append:0: RuntimeWarning: Replacing existing TH1: Corr_hist_background_i (Potential memory leak).
TROOT::Append:0: RuntimeWarning: Replacing existing TH1: Corr_hist_background_i (Potential memory leak).
TROOT::Append:0: RuntimeWarning: Replacing existing TH1: Corr_hist_background_i (Potential memory leak).
TROOT::Append:0: RuntimeWarning: Replacing existing TH1: Corr_hist_background_i (Potential memory leak).
TROOT::Append:0: RuntimeWarning: Replacing existing TH1: Corr_hist_background_i (Potential memory leak).
TROOT::Append:0: RuntimeWarning: Replacing existing TH1: Corr_hist_background_i (Potential memory leak).
TROOT::Append:0: RuntimeWarning: Replacing existing TH1: Corr_hist_background_i (Potential memory leak).
TROOT::Append:0: RuntimeWarning: Replacing existing TH1: Corr_hist_background_i (Potential memory leak).
TROOT::Append:0: RuntimeWarning: Replacing existing TH1: Corr_hist_background_i (Potential memory leak).
TROOT::Append:0: RuntimeWarning: Replacing existing TH1: Corr_hist_background_i (Potential memory leak).
TROOT::Append:0: RuntimeWarning: Replacing existing TH1: Corr_hist_background_i (Potential memory leak).
TROOT::Append:0: RuntimeWarning: Replacing existing TH1: Corr_hist_background_i (Potential memory leak).
TROOT::Append:0: RuntimeWarning: Replacing existing TH1: Corr_hist_background_i (Potential memory leak).
TROOT::Append:0: RuntimeWarning: Replacing existing TH1: Corr_hist_background_i (Potential memory leak).
TROOT::Append:0: RuntimeWarning: Replacing existing TH1: Corr_hist_background_i (Potential memory leak).
TROOT::Append:0: RuntimeWarning: Replacing existing TH1: Corr_hist_background_i (Potential memory leak).
TROOT::Append:0: RuntimeWarning: Replacing existing TH1: Corr_hist_background_i (Potential memory leak).
TROOT::Append:0: RuntimeWarning: Replacing existing TH1: Corr_hist_background_i (Potential memory leak).
TROOT::Append:0: RuntimeWarning: Replacing existing TH1: Corr_hist_background_i (Potential memory leak).
TROOT::Append:0: RuntimeWarning: Replacing existing TH1: Corr_hist_background_i (Potential memory leak).
TROOT::Append:0: RuntimeWarning: Replacing existing TH1: Corr_hist_background_i (Potential memory leak).
TROOT::Append:0: RuntimeWarning: Replacing existing TH1: Corr_hist_background_i (Potential memory leak).
TROOT::Append:0: RuntimeWarning: Replacing existing TH1: Corr_hist_background_i (Potential memory leak).
TROOT::Append:0: RuntimeWarning: Replacing existing TH1: Corr_hist_background_i (Potential memory leak).
TROOT::Append:0: RuntimeWarning: Replacing existing TH1: Corr_hist_background_i (Potential memory leak).
TROOT::Append:0: RuntimeWarning: Replacing existing TH1: Corr_hist_background_i (Potential memory leak).
TROOT::Append:0: RuntimeWarning: Replacing existing TH1: Corr_hist_background_i (Potential memory leak).
TROOT::Append:0: RuntimeWarning: Replacing existing TH1: Corr_hist_background_i (Potential memory leak).
TROOT::Append:0: RuntimeWarning: Replacing existing TH1: Corr_hist_background_i (Potential memory leak).
TROOT::Append:0: RuntimeWarning: Replacing existing TH1: Corr_hist_background_i (Potential memory leak).
TROOT::Append:0: RuntimeWarning: Replacing existing TH1: Corr_hist_background_i (Potential memory leak).
TROOT::Append:0: RuntimeWarning: Replacing existing TH1: Corr_hist_background_i (Potential memory leak).
TROOT::Append:0: RuntimeWarning: Replacing existing TH1: Corr_hist_background_i (Potential memory leak).
TROOT::Append:0: RuntimeWarning: Replacing existing TH1: Corr_hist_background_i (Potential memory leak).
TROOT::Append:0: RuntimeWarning: Replacing existing TH1: Corr_hist_background_i (Potential memory leak).
TROOT::Append:0: RuntimeWarning: Replacing existing TH1: Corr_hist_background_i (Potential memory leak).
TROOT::Append:0: RuntimeWarning: Replacing existing TH1: Corr_hist_background_i (Potential memory leak).
TROOT::Append:0: RuntimeWarning: Replacing existing TH1: Corr_hist_background_i (Potential memory leak).
TROOT::Append:0: RuntimeWarning: Replacing existing TH1: Corr_hist_background_i (Potential memory leak).
TROOT::Append:0: RuntimeWarning: Replacing existing TH1: Corr_hist_background_i (Potential memory leak).
TROOT::Append:0: RuntimeWarning: Replacing existing TH1: Corr_hist_background_i (Potential memory leak).
TROOT::Append:0: RuntimeWarning: Replacing existing TH1: Corr_hist_background_i (Potential memory leak).
TROOT::Append:0: RuntimeWarning: Replacing existing TH1: Corr_hist_background_i (Potential memory leak).
TROOT::Append:0: RuntimeWarning: Replacing existing TH1: Corr_hist_background_i (Potential memory leak).
TROOT::Append:0: RuntimeWarning: Replacing existing TH1: Corr_hist_background_i (Potential memory leak).
TROOT::Append:0: RuntimeWarning: Replacing existing TH1: Corr_hist_background_i (Potential memory leak).
TROOT::Append:0: RuntimeWarning: Replacing existing TH1: Corr_hist_background_i (Potential memory leak).
TROOT::Append:0: RuntimeWarning: Replacing existing TH1: Corr_hist_background_i (Potential memory leak).
TROOT::Append:0: RuntimeWarning: Replacing existing TH1: Corr_hist_background_i (Potential memory leak).
TROOT::Append:0: RuntimeWarning: Replacing existing TH1: Corr_hist_background_i (Potential memory leak).
TROOT::Append:0: RuntimeWarning: Replacing existing TH1: Corr_hist_background_i (Potential memory leak).
TROOT::Append:0: RuntimeWarning: Replacing existing TH1: Corr_hist_background_i (Potential memory leak).
TROOT::Append:0: RuntimeWarning: Replacing existing TH1: Corr_hist_background_i (Potential memory leak).
TROOT::Append:0: RuntimeWarning: Replacing existing TH1: Corr_hist_background_i (Potential memory leak).
TROOT::Append:0: RuntimeWarning: Replacing existing TH1: Corr_hist_background_i (Potential memory leak).
TROOT::Append:0: RuntimeWarning: Replacing existing TH1: Corr_hist_background_i (Potential memory leak).
TROOT::Append:0: RuntimeWarning: Replacing existing TH1: Corr_hist_background_i (Potential memory leak).
TROOT::Append:0: RuntimeWarning: Replacing existing TH1: Corr_hist_background_i (Potential memory leak).
TROOT::Append:0: RuntimeWarning: Replacing existing TH1: Corr_hist_background_i (Potential memory leak).
TROOT::Append:0: RuntimeWarning: Replacing existing TH1: Corr_hist_background_i (Potential memory leak).
TROOT::Append:0: RuntimeWarning: Replacing existing TH1: Corr_hist_background_i (Potential memory leak).
TROOT::Append:0: RuntimeWarning: Replacing existing TH1: Corr_hist_background_i (Potential memory leak).
TROOT::Append:0: RuntimeWarning: Replacing existing TH1: Corr_hist_background_i (Potential memory leak).
TROOT::Append:0: RuntimeWarning: Replacing existing TH1: Corr_hist_background_i (Potential memory leak).
TROOT::Append:0: RuntimeWarning: Replacing existing TH1: Corr_hist_background_i (Potential memory leak).
TROOT::Append:0: RuntimeWarning: Replacing existing TH1: Corr_hist_background_i (Potential memory leak).
TROOT::Append:0: RuntimeWarning: Replacing existing TH1: Corr_hist_background_i (Potential memory leak).
TROOT::Append:0: RuntimeWarning: Replacing existing TH1: Corr_hist_background_i (Potential memory leak).
TROOT::Append:0: RuntimeWarning: Replacing existing TH1: Corr_hist_background_i (Potential memory leak).
TROOT::Append:0: RuntimeWarning: Replacing existing TH1: Corr_hist_background_i (Potential memory leak).
TROOT::Append:0: RuntimeWarning: Replacing existing TH1: Corr_hist_background_i (Potential memory leak).
TROOT::Append:0: RuntimeWarning: Replacing existing TH1: Corr_hist_background_i (Potential memory leak).
TROOT::Append:0: RuntimeWarning: Replacing existing TH1: Corr_hist_background_i (Potential memory leak).
TROOT::Append:0: RuntimeWarning: Replacing existing TH1: Corr_hist_background_i (Potential memory leak).
TROOT::Append:0: RuntimeWarning: Replacing existing TH1: Corr_hist_background_i (Potential memory leak).
TROOT::Append:0: RuntimeWarning: Replacing existing TH1: Corr_hist_background_i (Potential memory leak).
TROOT::Append:0: RuntimeWarning: Replacing existing TH1: Corr_hist_background_i (Potential memory leak).
TROOT::Append:0: RuntimeWarning: Replacing existing TH1: Corr_hist_background_i (Potential memory leak).
TROOT::Append:0: RuntimeWarning: Replacing existing TH1: Corr_hist_background_i (Potential memory leak).
TROOT::Append:0: RuntimeWarning: Replacing existing TH1: Corr_hist_background_i (Potential memory leak).
TROOT::Append:0: RuntimeWarning: Replacing existing TH1: Corr_hist_background_i (Potential memory leak).
TROOT::Append:0: RuntimeWarning: Replacing existing TH1: Corr_hist_background_i (Potential memory leak).
TROOT::Append:0: RuntimeWarning: Replacing existing TH1: Corr_hist_background_i (Potential memory leak).
TROOT::Append:0: RuntimeWarning: Replacing existing TH1: Corr_hist_background_i (Potential memory leak).
TROOT::Append:0: RuntimeWarning: Replacing existing TH1: Corr_hist_background_i (Potential memory leak).
TROOT::Append:0: RuntimeWarning: Replacing existing TH1: Corr_hist_background_i (Potential memory leak).
TROOT::Append:0: RuntimeWarning: Replacing existing TH1: Corr_hist_background_i (Potential memory leak).
TROOT::Append:0: RuntimeWarning: Replacing existing TH1: Corr_hist_background_i (Potential memory leak).
TROOT::Append:0: RuntimeWarning: Replacing existing TH1: Corr_hist_background_i (Potential memory leak).
TROOT::Append:0: RuntimeWarning: Replacing existing TH1: Corr_hist_background_i (Potential memory leak).
TROOT::Append:0: RuntimeWarning: Replacing existing TH1: Corr_hist_background_i (Potential memory leak).
TROOT::Append:0: RuntimeWarning: Replacing existing TH1: Corr_hist_background_i (Potential memory leak).
TROOT::Append:0: RuntimeWarning: Replacing existing TH1: Corr_hist_background_i (Potential memory leak).
TROOT::Append:0: RuntimeWarning: Replacing existing TH1: Corr_hist_background_i (Potential memory leak).
TROOT::Append:0: RuntimeWarning: Replacing existing TH1: Corr_hist_background_i (Potential memory leak).
TROOT::Append:0: RuntimeWarning: Replacing existing TH1: Corr_hist_background_i (Potential memory leak).
TROOT::Append:0: RuntimeWarning: Replacing existing TH1: Corr_hist_background_i (Potential memory leak).
TROOT::Append:0: RuntimeWarning: Replacing existing TH1: Corr_hist_background_i (Potential memory leak).
TROOT::Append:0: RuntimeWarning: Replacing existing TH1: Corr_hist_background_i (Potential memory leak).
TROOT::Append:0: RuntimeWarning: Replacing existing TH1: Corr_hist_background_i (Potential memory leak).
TROOT::Append:0: RuntimeWarning: Replacing existing TH1: Corr_hist_background_i (Potential memory leak).
TROOT::Append:0: RuntimeWarning: Replacing existing TH1: Corr_hist_background_i (Potential memory leak).
TROOT::Append:0: RuntimeWarning: Replacing existing TH1: Corr_hist_background_i (Potential memory leak).
TROOT::Append:0: RuntimeWarning: Replacing existing TH1: Corr_hist_background_i (Potential memory leak).
TROOT::Append:0: RuntimeWarning: Replacing existing TH1: Corr_hist_background_i (Potential memory leak).
TROOT::Append:0: RuntimeWarning: Replacing existing TH1: Corr_hist_background_i (Potential memory leak).
TROOT::Append:0: RuntimeWarning: Replacing existing TH1: Corr_hist_background_i (Potential memory leak).
TROOT::Append:0: RuntimeWarning: Replacing existing TH1: Corr_hist_background_i (Potential memory leak).
TROOT::Append:0: RuntimeWarning: Replacing existing TH1: Corr_hist_background_i (Potential memory leak).
TROOT::Append:0: RuntimeWarning: Replacing existing TH1: Corr_hist_background_i (Potential memory leak).
TROOT::Append:0: RuntimeWarning: Replacing existing TH1: Corr_hist_background_i (Potential memory leak).
TROOT::Append:0: RuntimeWarning: Replacing existing TH1: Corr_hist_background_i (Potential memory leak).
TROOT::Append:0: RuntimeWarning: Replacing existing TH1: Corr_hist_background_i (Potential memory leak).
TROOT::Append:0: RuntimeWarning: Replacing existing TH1: Corr_hist_background_i (Potential memory leak).
TROOT::Append:0: RuntimeWarning: Replacing existing TH1: Corr_hist_background_i (Potential memory leak).
TROOT::Append:0: RuntimeWarning: Replacing existing TH1: Corr_hist_background_i (Potential memory leak).
TROOT::Append:0: RuntimeWarning: Replacing existing TH1: Corr_hist_background_i (Potential memory leak).
TROOT::Append:0: RuntimeWarning: Replacing existing TH1: Corr_hist_background_i (Potential memory leak).
TROOT::Append:0: RuntimeWarning: Replacing existing TH1: Corr_hist_background_i (Potential memory leak).
TROOT::Append:0: RuntimeWarning: Replacing existing TH1: Corr_hist_background_i (Potential memory leak).
TROOT::Append:0: RuntimeWarning: Replacing existing TH1: Corr_hist_background_i (Potential memory leak).
TROOT::Append:0: RuntimeWarning: Replacing existing TH1: Corr_hist_background_i (Potential memory leak).
TROOT::Append:0: RuntimeWarning: Replacing existing TH1: Corr_hist_background_i (Potential memory leak).
TROOT::Append:0: RuntimeWarning: Replacing existing TH1: Corr_hist_background_i (Potential memory leak).
TROOT::Append:0: RuntimeWarning: Replacing existing TH1: Corr_hist_background_i (Potential memory leak).
TROOT::Append:0: RuntimeWarning: Replacing existing TH1: Corr_hist_background_i (Potential memory leak).
TROOT::Append:0: RuntimeWarning: Replacing existing TH1: Corr_hist_background_i (Potential memory leak).
TROOT::Append:0: RuntimeWarning: Replacing existing TH1: Corr_hist_background_i (Potential memory leak).
TROOT::Append:0: RuntimeWarning: Replacing existing TH1: Corr_hist_background_i (Potential memory leak).
TROOT::Append:0: RuntimeWarning: Replacing existing TH1: Corr_hist_background_i (Potential memory leak).
TROOT::Append:0: RuntimeWarning: Replacing existing TH1: Corr_hist_background_i (Potential memory leak).
TROOT::Append:0: RuntimeWarning: Replacing existing TH1: Corr_hist_background_i (Potential memory leak).
TROOT::Append:0: RuntimeWarning: Replacing existing TH1: Corr_hist_background_i (Potential memory leak).
TROOT::Append:0: RuntimeWarning: Replacing existing TH1: Corr_hist_background_i (Potential memory leak).
TROOT::Append:0: RuntimeWarning: Replacing existing TH1: Corr_hist_background_i (Potential memory leak).
TROOT::Append:0: RuntimeWarning: Replacing existing TH1: Corr_hist_background_i (Potential memory leak).
TROOT::Append:0: RuntimeWarning: Replacing existing TH1: Corr_hist_background_i (Potential memory leak).
TROOT::Append:0: RuntimeWarning: Replacing existing TH1: Corr_hist_background_i (Potential memory leak).
TROOT::Append:0: RuntimeWarning: Replacing existing TH1: Corr_hist_background_i (Potential memory leak).
TROOT::Append:0: RuntimeWarning: Replacing existing TH1: Corr_hist_background_i (Potential memory leak).
TROOT::Append:0: RuntimeWarning: Replacing existing TH1: Corr_hist_background_i (Potential memory leak).
TROOT::Append:0: RuntimeWarning: Replacing existing TH1: Corr_hist_background_i (Potential memory leak).
TROOT::Append:0: RuntimeWarning: Replacing existing TH1: Corr_hist_background_i (Potential memory leak).
TROOT::Append:0: RuntimeWarning: Replacing existing TH1: Corr_hist_background_i (Potential memory leak).
Testing background data, columns lcplus_ENDVERTEX_CHI2 and lcplus_IPCHI2_OWNPV
Testing background data, columns lcplus_ENDVERTEX_CHI2 and lcplus_FD_OWNPV
Testing background data, columns lcplus_ENDVERTEX_CHI2 and lcplus_PT
Testing background data, columns lcplus_ENDVERTEX_CHI2 and lcplus_MM
Testing background data, columns lcplus_ENDVERTEX_CHI2 and lcplus_L0Global_TOS
Testing background data, columns lcplus_ENDVERTEX_CHI2 and pplus_OWNPV_CHI2
Testing background data, columns lcplus_ENDVERTEX_CHI2 and pplus_IPCHI2_OWNPV
Testing background data, columns lcplus_ENDVERTEX_CHI2 and pplus_PT
Testing background data, columns lcplus_ENDVERTEX_CHI2 and pplus_ProbNNp
Testing background data, columns lcplus_ENDVERTEX_CHI2 and pplus_L0HadronDecision_TOS
Testing background data, columns lcplus_ENDVERTEX_CHI2 and kminus_OWNPV_CHI2
Testing background data, columns lcplus_ENDVERTEX_CHI2 and kminus_IPCHI2_OWNPV
Testing background data, columns lcplus_ENDVERTEX_CHI2 and kminus_PT
Testing background data, columns lcplus_ENDVERTEX_CHI2 and kminus_ProbNNk
Testing background data, columns lcplus_ENDVERTEX_CHI2 and kminus_L0HadronDecision_TOS
Testing background data, columns lcplus_ENDVERTEX_CHI2 and piplus_OWNPV_CHI2
Testing background data, columns lcplus_ENDVERTEX_CHI2 and piplus_IPCHI2_OWNPV
Testing background data, columns lcplus_ENDVERTEX_CHI2 and piplus_PT
Testing background data, columns lcplus_ENDVERTEX_CHI2 and piplus_ProbNNpi
Testing background data, columns lcplus_ENDVERTEX_CHI2 and piplus_L0HadronDecision_TOS
Testing background data, columns lcplus_IPCHI2_OWNPV and lcplus_FD_OWNPV
Testing background data, columns lcplus_IPCHI2_OWNPV and lcplus_PT
Testing background data, columns lcplus_IPCHI2_OWNPV and lcplus_MM
Testing background data, columns lcplus_IPCHI2_OWNPV and lcplus_L0Global_TOS
Testing background data, columns lcplus_IPCHI2_OWNPV and pplus_OWNPV_CHI2
Testing background data, columns lcplus_IPCHI2_OWNPV and pplus_IPCHI2_OWNPV
Testing background data, columns lcplus_IPCHI2_OWNPV and pplus_PT
Testing background data, columns lcplus_IPCHI2_OWNPV and pplus_ProbNNp
Testing background data, columns lcplus_IPCHI2_OWNPV and pplus_L0HadronDecision_TOS
Testing background data, columns lcplus_IPCHI2_OWNPV and kminus_OWNPV_CHI2
Testing background data, columns lcplus_IPCHI2_OWNPV and kminus_IPCHI2_OWNPV
Testing background data, columns lcplus_IPCHI2_OWNPV and kminus_PT
Testing background data, columns lcplus_IPCHI2_OWNPV and kminus_ProbNNk
Testing background data, columns lcplus_IPCHI2_OWNPV and kminus_L0HadronDecision_TOS
Testing background data, columns lcplus_IPCHI2_OWNPV and piplus_OWNPV_CHI2
Testing background data, columns lcplus_IPCHI2_OWNPV and piplus_IPCHI2_OWNPV
Testing background data, columns lcplus_IPCHI2_OWNPV and piplus_PT
Testing background data, columns lcplus_IPCHI2_OWNPV and piplus_ProbNNpi
Testing background data, columns lcplus_IPCHI2_OWNPV and piplus_L0HadronDecision_TOS
Testing background data, columns lcplus_FD_OWNPV and lcplus_PT
Testing background data, columns lcplus_FD_OWNPV and lcplus_MM
Testing background data, columns lcplus_FD_OWNPV and lcplus_L0Global_TOS
Testing background data, columns lcplus_FD_OWNPV and pplus_OWNPV_CHI2
Testing background data, columns lcplus_FD_OWNPV and pplus_IPCHI2_OWNPV
Testing background data, columns lcplus_FD_OWNPV and pplus_PT
Testing background data, columns lcplus_FD_OWNPV and pplus_ProbNNp
Testing background data, columns lcplus_FD_OWNPV and pplus_L0HadronDecision_TOS
Testing background data, columns lcplus_FD_OWNPV and kminus_OWNPV_CHI2
Testing background data, columns lcplus_FD_OWNPV and kminus_IPCHI2_OWNPV
Testing background data, columns lcplus_FD_OWNPV and kminus_PT
Testing background data, columns lcplus_FD_OWNPV and kminus_ProbNNk
Testing background data, columns lcplus_FD_OWNPV and kminus_L0HadronDecision_TOS
Testing background data, columns lcplus_FD_OWNPV and piplus_OWNPV_CHI2
Testing background data, columns lcplus_FD_OWNPV and piplus_IPCHI2_OWNPV
Testing background data, columns lcplus_FD_OWNPV and piplus_PT
Testing background data, columns lcplus_FD_OWNPV and piplus_ProbNNpi
Testing background data, columns lcplus_FD_OWNPV and piplus_L0HadronDecision_TOS
Testing background data, columns lcplus_PT and lcplus_MM
Testing background data, columns lcplus_PT and lcplus_L0Global_TOS
Testing background data, columns lcplus_PT and pplus_OWNPV_CHI2
Testing background data, columns lcplus_PT and pplus_IPCHI2_OWNPV
Testing background data, columns lcplus_PT and pplus_PT
Testing background data, columns lcplus_PT and pplus_ProbNNp
Testing background data, columns lcplus_PT and pplus_L0HadronDecision_TOS
Testing background data, columns lcplus_PT and kminus_OWNPV_CHI2
Testing background data, columns lcplus_PT and kminus_IPCHI2_OWNPV
Testing background data, columns lcplus_PT and kminus_PT
Testing background data, columns lcplus_PT and kminus_ProbNNk
Testing background data, columns lcplus_PT and kminus_L0HadronDecision_TOS
Testing background data, columns lcplus_PT and piplus_OWNPV_CHI2
Testing background data, columns lcplus_PT and piplus_IPCHI2_OWNPV
Testing background data, columns lcplus_PT and piplus_PT
Testing background data, columns lcplus_PT and piplus_ProbNNpi
Testing background data, columns lcplus_PT and piplus_L0HadronDecision_TOS
Testing background data, columns lcplus_MM and lcplus_L0Global_TOS
Testing background data, columns lcplus_MM and pplus_OWNPV_CHI2
Testing background data, columns lcplus_MM and pplus_IPCHI2_OWNPV
Testing background data, columns lcplus_MM and pplus_PT
Testing background data, columns lcplus_MM and pplus_ProbNNp
Testing background data, columns lcplus_MM and pplus_L0HadronDecision_TOS
Testing background data, columns lcplus_MM and kminus_OWNPV_CHI2
Testing background data, columns lcplus_MM and kminus_IPCHI2_OWNPV
Testing background data, columns lcplus_MM and kminus_PT
Testing background data, columns lcplus_MM and kminus_ProbNNk
Testing background data, columns lcplus_MM and kminus_L0HadronDecision_TOS
Testing background data, columns lcplus_MM and piplus_OWNPV_CHI2
Testing background data, columns lcplus_MM and piplus_IPCHI2_OWNPV
Testing background data, columns lcplus_MM and piplus_PT
Testing background data, columns lcplus_MM and piplus_ProbNNpi
Testing background data, columns lcplus_MM and piplus_L0HadronDecision_TOS
Testing background data, columns lcplus_L0Global_TOS and pplus_OWNPV_CHI2
Testing background data, columns lcplus_L0Global_TOS and pplus_IPCHI2_OWNPV
Testing background data, columns lcplus_L0Global_TOS and pplus_PT
Testing background data, columns lcplus_L0Global_TOS and pplus_ProbNNp
Testing background data, columns lcplus_L0Global_TOS and pplus_L0HadronDecision_TOS
Testing background data, columns lcplus_L0Global_TOS and kminus_OWNPV_CHI2
Testing background data, columns lcplus_L0Global_TOS and kminus_IPCHI2_OWNPV
Testing background data, columns lcplus_L0Global_TOS and kminus_PT
Testing background data, columns lcplus_L0Global_TOS and kminus_ProbNNk
Testing background data, columns lcplus_L0Global_TOS and kminus_L0HadronDecision_TOS
Testing background data, columns lcplus_L0Global_TOS and piplus_OWNPV_CHI2
Testing background data, columns lcplus_L0Global_TOS and piplus_IPCHI2_OWNPV
Testing background data, columns lcplus_L0Global_TOS and piplus_PT
Testing background data, columns lcplus_L0Global_TOS and piplus_ProbNNpi
Testing background data, columns lcplus_L0Global_TOS and piplus_L0HadronDecision_TOS
Testing background data, columns pplus_OWNPV_CHI2 and pplus_IPCHI2_OWNPV
Testing background data, columns pplus_OWNPV_CHI2 and pplus_PT
Testing background data, columns pplus_OWNPV_CHI2 and pplus_ProbNNp
Testing background data, columns pplus_OWNPV_CHI2 and pplus_L0HadronDecision_TOS
Testing background data, columns pplus_OWNPV_CHI2 and kminus_OWNPV_CHI2
Testing background data, columns pplus_OWNPV_CHI2 and kminus_IPCHI2_OWNPV
Testing background data, columns pplus_OWNPV_CHI2 and kminus_PT
Testing background data, columns pplus_OWNPV_CHI2 and kminus_ProbNNk
Testing background data, columns pplus_OWNPV_CHI2 and kminus_L0HadronDecision_TOS
Testing background data, columns pplus_OWNPV_CHI2 and piplus_OWNPV_CHI2
Testing background data, columns pplus_OWNPV_CHI2 and piplus_IPCHI2_OWNPVTROOT::Append:0: RuntimeWarning: Replacing existing TH1: Corr_hist_background_i (Potential memory leak).
TROOT::Append:0: RuntimeWarning: Replacing existing TH1: Corr_hist_background_i (Potential memory leak).
TROOT::Append:0: RuntimeWarning: Replacing existing TH1: Corr_hist_background_i (Potential memory leak).
TROOT::Append:0: RuntimeWarning: Replacing existing TH1: Corr_hist_background_i (Potential memory leak).
TROOT::Append:0: RuntimeWarning: Replacing existing TH1: Corr_hist_background_i (Potential memory leak).
TROOT::Append:0: RuntimeWarning: Replacing existing TH1: Corr_hist_background_i (Potential memory leak).
TROOT::Append:0: RuntimeWarning: Replacing existing TH1: Corr_hist_background_i (Potential memory leak).
TROOT::Append:0: RuntimeWarning: Replacing existing TH1: Corr_hist_background_i (Potential memory leak).
TROOT::Append:0: RuntimeWarning: Replacing existing TH1: Corr_hist_background_i (Potential memory leak).
TROOT::Append:0: RuntimeWarning: Replacing existing TH1: Corr_hist_background_i (Potential memory leak).
TROOT::Append:0: RuntimeWarning: Replacing existing TH1: Corr_hist_background_i (Potential memory leak).
TROOT::Append:0: RuntimeWarning: Replacing existing TH1: Corr_hist_background_i (Potential memory leak).
TROOT::Append:0: RuntimeWarning: Replacing existing TH1: Corr_hist_background_i (Potential memory leak).
TROOT::Append:0: RuntimeWarning: Replacing existing TH1: Corr_hist_background_i (Potential memory leak).
TROOT::Append:0: RuntimeWarning: Replacing existing TH1: Corr_hist_background_i (Potential memory leak).
TROOT::Append:0: RuntimeWarning: Replacing existing TH1: Corr_hist_background_i (Potential memory leak).
TROOT::Append:0: RuntimeWarning: Replacing existing TH1: Corr_hist_background_i (Potential memory leak).
TROOT::Append:0: RuntimeWarning: Replacing existing TH1: Corr_hist_background_i (Potential memory leak).
TROOT::Append:0: RuntimeWarning: Replacing existing TH1: Corr_hist_background_i (Potential memory leak).
TROOT::Append:0: RuntimeWarning: Replacing existing TH1: Corr_hist_background_i (Potential memory leak).
TROOT::Append:0: RuntimeWarning: Replacing existing TH1: Corr_hist_background_i (Potential memory leak).
TROOT::Append:0: RuntimeWarning: Replacing existing TH1: Corr_hist_background_i (Potential memory leak).
TROOT::Append:0: RuntimeWarning: Replacing existing TH1: Corr_hist_background_i (Potential memory leak).
TROOT::Append:0: RuntimeWarning: Replacing existing TH1: Corr_hist_background_i (Potential memory leak).
TROOT::Append:0: RuntimeWarning: Replacing existing TH1: Corr_hist_background_i (Potential memory leak).
TROOT::Append:0: RuntimeWarning: Replacing existing TH1: Corr_hist_background_i (Potential memory leak).
TROOT::Append:0: RuntimeWarning: Replacing existing TH1: Corr_hist_background_i (Potential memory leak).
TROOT::Append:0: RuntimeWarning: Replacing existing TH1: Corr_hist_background_i (Potential memory leak).
TROOT::Append:0: RuntimeWarning: Replacing existing TH1: Corr_hist_background_i (Potential memory leak).
TROOT::Append:0: RuntimeWarning: Replacing existing TH1: Corr_hist_background_i (Potential memory leak).
TROOT::Append:0: RuntimeWarning: Replacing existing TH1: Corr_hist_background_i (Potential memory leak).
TROOT::Append:0: RuntimeWarning: Replacing existing TH1: Corr_hist_background_i (Potential memory leak).
TROOT::Append:0: RuntimeWarning: Replacing existing TH1: Corr_hist_background_i (Potential memory leak).
TROOT::Append:0: RuntimeWarning: Replacing existing TH1: Corr_hist_background_i (Potential memory leak).
TROOT::Append:0: RuntimeWarning: Replacing existing TH1: Corr_hist_background_i (Potential memory leak).
TROOT::Append:0: RuntimeWarning: Replacing existing TH1: Corr_hist_background_i (Potential memory leak).
TROOT::Append:0: RuntimeWarning: Replacing existing TH1: Corr_hist_background_i (Potential memory leak).
TROOT::Append:0: RuntimeWarning: Replacing existing TH1: Corr_hist_background_i (Potential memory leak).
TROOT::Append:0: RuntimeWarning: Replacing existing TH1: Corr_hist_background_i (Potential memory leak).
TROOT::Append:0: RuntimeWarning: Replacing existing TH1: Corr_hist_background_i (Potential memory leak).
TROOT::Append:0: RuntimeWarning: Replacing existing TH1: Corr_hist_background_i (Potential memory leak).
TROOT::Append:0: RuntimeWarning: Replacing existing TH1: Corr_hist_background_i (Potential memory leak).
TROOT::Append:0: RuntimeWarning: Replacing existing TH1: Corr_hist_background_i (Potential memory leak).
TROOT::Append:0: RuntimeWarning: Replacing existing TH1: Corr_hist_background_i (Potential memory leak).
TROOT::Append:0: RuntimeWarning: Replacing existing TH1: Corr_hist_background_i (Potential memory leak).
TROOT::Append:0: RuntimeWarning: Replacing existing TH1: Corr_hist_background_i (Potential memory leak).
TROOT::Append:0: RuntimeWarning: Replacing existing TH1: Corr_hist_background_i (Potential memory leak).
TROOT::Append:0: RuntimeWarning: Replacing existing TH1: Corr_hist_background_i (Potential memory leak).
TROOT::Append:0: RuntimeWarning: Replacing existing TH1: Corr_hist_background_i (Potential memory leak).
TROOT::Append:0: RuntimeWarning: Replacing existing TH1: Corr_hist_background_i (Potential memory leak).
TROOT::Append:0: RuntimeWarning: Replacing existing TH1: Corr_hist_background_i (Potential memory leak).

Testing background data, columns pplus_OWNPV_CHI2 and piplus_PT
Testing background data, columns pplus_OWNPV_CHI2 and piplus_ProbNNpi
Testing background data, columns pplus_OWNPV_CHI2 and piplus_L0HadronDecision_TOS
Testing background data, columns pplus_IPCHI2_OWNPV and pplus_PT
Testing background data, columns pplus_IPCHI2_OWNPV and pplus_ProbNNp
Testing background data, columns pplus_IPCHI2_OWNPV and pplus_L0HadronDecision_TOS
Testing background data, columns pplus_IPCHI2_OWNPV and kminus_OWNPV_CHI2
Testing background data, columns pplus_IPCHI2_OWNPV and kminus_IPCHI2_OWNPV
Testing background data, columns pplus_IPCHI2_OWNPV and kminus_PT
Testing background data, columns pplus_IPCHI2_OWNPV and kminus_ProbNNk
Testing background data, columns pplus_IPCHI2_OWNPV and kminus_L0HadronDecision_TOS
Testing background data, columns pplus_IPCHI2_OWNPV and piplus_OWNPV_CHI2
Testing background data, columns pplus_IPCHI2_OWNPV and piplus_IPCHI2_OWNPV
Testing background data, columns pplus_IPCHI2_OWNPV and piplus_PT
Testing background data, columns pplus_IPCHI2_OWNPV and piplus_ProbNNpi
Testing background data, columns pplus_IPCHI2_OWNPV and piplus_L0HadronDecision_TOS
Testing background data, columns pplus_PT and pplus_ProbNNp
Testing background data, columns pplus_PT and pplus_L0HadronDecision_TOS
Testing background data, columns pplus_PT and kminus_OWNPV_CHI2
Testing background data, columns pplus_PT and kminus_IPCHI2_OWNPV
Testing background data, columns pplus_PT and kminus_PT
Testing background data, columns pplus_PT and kminus_ProbNNk
Testing background data, columns pplus_PT and kminus_L0HadronDecision_TOS
Testing background data, columns pplus_PT and piplus_OWNPV_CHI2
Testing background data, columns pplus_PT and piplus_IPCHI2_OWNPV
Testing background data, columns pplus_PT and piplus_PT
Testing background data, columns pplus_PT and piplus_ProbNNpi
Testing background data, columns pplus_PT and piplus_L0HadronDecision_TOS
Testing background data, columns pplus_ProbNNp and pplus_L0HadronDecision_TOS
Testing background data, columns pplus_ProbNNp and kminus_OWNPV_CHI2
Testing background data, columns pplus_ProbNNp and kminus_IPCHI2_OWNPV
Testing background data, columns pplus_ProbNNp and kminus_PT
Testing background data, columns pplus_ProbNNp and kminus_ProbNNk
Testing background data, columns pplus_ProbNNp and kminus_L0HadronDecision_TOS
Testing background data, columns pplus_ProbNNp and piplus_OWNPV_CHI2
Testing background data, columns pplus_ProbNNp and piplus_IPCHI2_OWNPV
Testing background data, columns pplus_ProbNNp and piplus_PT
Testing background data, columns pplus_ProbNNp and piplus_ProbNNpi
Testing background data, columns pplus_ProbNNp and piplus_L0HadronDecision_TOS
Testing background data, columns pplus_L0HadronDecision_TOS and kminus_OWNPV_CHI2
Testing background data, columns pplus_L0HadronDecision_TOS and kminus_IPCHI2_OWNPV
Testing background data, columns pplus_L0HadronDecision_TOS and kminus_PT
Testing background data, columns pplus_L0HadronDecision_TOS and kminus_ProbNNk
Testing background data, columns pplus_L0HadronDecision_TOS and kminus_L0HadronDecision_TOS
Testing background data, columns pplus_L0HadronDecision_TOS and piplus_OWNPV_CHI2
Testing background data, columns pplus_L0HadronDecision_TOS and piplus_IPCHI2_OWNPV
Testing background data, columns pplus_L0HadronDecision_TOS and piplus_PT
Testing background data, columns pplus_L0HadronDecision_TOS and piplus_ProbNNpi
Testing background data, columns pplus_L0HadronDecision_TOS and piplus_L0HadronDecision_TOS
Testing background data, columns kminus_OWNPV_CHI2 and kminus_IPCHI2_OWNPV
Testing background data, columns kminus_OWNPV_CHI2 and kminus_PT
Testing background data, columns kminus_OWNPV_CHI2 and kminus_ProbNNk
Testing background data, columns kminus_OWNPV_CHI2 and kminus_L0HadronDecision_TOS
Testing background data, columns kminus_OWNPV_CHI2 and piplus_OWNPV_CHI2
Testing background data, columns kminus_OWNPV_CHI2 and piplus_IPCHI2_OWNPV
Testing background data, columns kminus_OWNPV_CHI2 and piplus_PT
Testing background data, columns kminus_OWNPV_CHI2 and piplus_ProbNNpi
Testing background data, columns kminus_OWNPV_CHI2 and piplus_L0HadronDecision_TOS
Testing background data, columns kminus_IPCHI2_OWNPV and kminus_PT
Testing background data, columns kminus_IPCHI2_OWNPV and kminus_ProbNNk
Testing background data, columns kminus_IPCHI2_OWNPV and kminus_L0HadronDecision_TOS
Testing background data, columns kminus_IPCHI2_OWNPV and piplus_OWNPV_CHI2
Testing background data, columns kminus_IPCHI2_OWNPV and piplus_IPCHI2_OWNPV
Testing background data, columns kminus_IPCHI2_OWNPV and piplus_PT
Testing background data, columns kminus_IPCHI2_OWNPV and piplus_ProbNNpi
Testing background data, columns kminus_IPCHI2_OWNPV and piplus_L0HadronDecision_TOS
Testing background data, columns kminus_PT and kminus_ProbNNk
Testing background data, columns kminus_PT and kminus_L0HadronDecision_TOS
Testing background data, columns kminus_PT and piplus_OWNPV_CHI2
Testing background data, columns kminus_PT and piplus_IPCHI2_OWNPV
Testing background data, columns kminus_PT and piplus_PT
Testing background data, columns kminus_PT and piplus_ProbNNpi
Testing background data, columns kminus_PT and piplus_L0HadronDecision_TOS
Testing background data, columns kminus_ProbNNk and kminus_L0HadronDecision_TOS
Testing background data, columns kminus_ProbNNk and piplus_OWNPV_CHI2
Testing background data, columns kminus_ProbNNk and piplus_IPCHI2_OWNPV
Testing background data, columns kminus_ProbNNk and piplus_PT
Testing background data, columns kminus_ProbNNk and piplus_ProbNNpi
Testing background data, columns kminus_ProbNNk and piplus_L0HadronDecision_TOS
Testing background data, columns kminus_L0HadronDecision_TOS and piplus_OWNPV_CHI2
Testing background data, columns kminus_L0HadronDecision_TOS and piplus_IPCHI2_OWNPV
Testing background data, columns kminus_L0HadronDecision_TOS and piplus_PT
Testing background data, columns kminus_L0HadronDecision_TOS and piplus_ProbNNpi
Testing background data, columns kminus_L0HadronDecision_TOS and piplus_L0HadronDecision_TOS
Testing background data, columns piplus_OWNPV_CHI2 and piplus_IPCHI2_OWNPV
Testing background data, columns piplus_OWNPV_CHI2 and piplus_PT
Testing background data, columns piplus_OWNPV_CHI2 and piplus_ProbNNpi
Testing background data, columns piplus_OWNPV_CHI2 and piplus_L0HadronDecision_TOS
Testing background data, columns piplus_IPCHI2_OWNPV and piplus_PT
Testing background data, columns piplus_IPCHI2_OWNPV and piplus_ProbNNpi
Testing background data, columns piplus_IPCHI2_OWNPV and piplus_L0HadronDecision_TOS
Testing background data, columns piplus_PT and piplus_ProbNNpi
Testing background data, columns piplus_PT and piplus_L0HadronDecision_TOS
Testing background data, columns piplus_ProbNNpi and piplus_L0HadronDecision_TOS
Time it took for the background script to finish: 78259.64798593521
